<?xml version="1.0" encoding="UTF-8"?>
<testng-results skipped="0" failed="0" ignored="0" total="1" passed="1">
  <reporter-output>
  </reporter-output>
  <suite name="Default suite" duration-ms="29176" started-at="2018-04-14T08:31:49Z" finished-at="2018-04-14T08:32:18Z">
    <groups>
    </groups>
    <test name="Default test" duration-ms="29176" started-at="2018-04-14T08:31:49Z" finished-at="2018-04-14T08:32:18Z">
      <class name="testcases.TC006_MergeLead">
        <test-method status="PASS" signature="beforeSuite()[pri:0, instance:testcases.TC006_MergeLead@1cab519]" name="beforeSuite" is-config="true" duration-ms="490" started-at="2018-04-14T14:01:49Z" finished-at="2018-04-14T14:01:49Z">
          <reporter-output>
          </reporter-output>
        </test-method> <!-- beforeSuite -->
        <test-method status="PASS" signature="setData()[pri:0, instance:testcases.TC006_MergeLead@1cab519]" name="setData" is-config="true" duration-ms="0" started-at="2018-04-14T14:01:49Z" finished-at="2018-04-14T14:01:49Z">
          <reporter-output>
          </reporter-output>
        </test-method> <!-- setData -->
        <test-method status="PASS" signature="beforeClass()[pri:0, instance:testcases.TC006_MergeLead@1cab519]" name="beforeClass" is-config="true" duration-ms="9" started-at="2018-04-14T14:01:49Z" finished-at="2018-04-14T14:01:49Z">
          <reporter-output>
          </reporter-output>
        </test-method> <!-- beforeClass -->
        <test-method status="PASS" signature="beforeMethod()[pri:0, instance:testcases.TC006_MergeLead@1cab519]" name="beforeMethod" is-config="true" duration-ms="6981" started-at="2018-04-14T14:01:50Z" finished-at="2018-04-14T14:01:57Z">
          <reporter-output>
          </reporter-output>
        </test-method> <!-- beforeMethod -->
        <test-method status="PASS" signature="MergeLead(java.lang.String, java.lang.String, java.lang.String, java.lang.String, java.lang.String, java.lang.String)[pri:0, instance:testcases.TC006_MergeLead@1cab519]" name="MergeLead" duration-ms="20133" started-at="2018-04-14T14:01:57Z" data-provider="fetchData" finished-at="2018-04-14T14:02:17Z">
          <params>
            <param index="0">
              <value>
                <![CDATA[DemoSalesManager]]>
              </value>
            </param>
            <param index="1">
              <value>
                <![CDATA[crmsfa]]>
              </value>
            </param>
            <param index="2">
              <value>
                <![CDATA[10]]>
              </value>
            </param>
            <param index="3">
              <value>
                <![CDATA[20]]>
              </value>
            </param>
            <param index="4">
              <value>
                <![CDATA[Test]]>
              </value>
            </param>
            <param index="5">
              <value>
                <![CDATA[Rest]]>
              </value>
            </param>
          </params>
          <reporter-output>
          </reporter-output>
        </test-method> <!-- MergeLead -->
        <test-method status="PASS" signature="afterMethod()[pri:0, instance:testcases.TC006_MergeLead@1cab519]" name="afterMethod" is-config="true" duration-ms="1504" started-at="2018-04-14T14:02:17Z" finished-at="2018-04-14T14:02:18Z">
          <reporter-output>
          </reporter-output>
        </test-method> <!-- afterMethod -->
        <test-method status="PASS" signature="afterTest()[pri:0, instance:testcases.TC006_MergeLead@1cab519]" name="afterTest" is-config="true" duration-ms="0" started-at="2018-04-14T14:02:18Z" finished-at="2018-04-14T14:02:18Z">
          <reporter-output>
          </reporter-output>
        </test-method> <!-- afterTest -->
        <test-method status="PASS" signature="afterSuite()[pri:0, instance:testcases.TC006_MergeLead@1cab519]" name="afterSuite" is-config="true" duration-ms="460" started-at="2018-04-14T14:02:19Z" finished-at="2018-04-14T14:02:19Z">
          <reporter-output>
          </reporter-output>
        </test-method> <!-- afterSuite -->
      </class> <!-- testcases.TC006_MergeLead -->
    </test> <!-- Default test -->
  </suite> <!-- Default suite -->
</testng-results>
